This is pdfTeX, Version 3.14159265-2.6-1.40.15 (MiKTeX 2.9 64-bit) (preloaded format=pdflatex 2016.3.28)  5 APR 2016 15:30
entering extended mode
**B1_HPC_8queen.tex
(B1_HPC_8queen.tex
LaTeX2e <2014/05/01>
Babel <3.9l> and hyphenation patterns for 68 languages loaded.
("C:\Program Files\MiKTeX 2.9\tex\latex\base\article.cls"
Document Class: article 2014/09/29 v1.4h Standard LaTeX document class
("C:\Program Files\MiKTeX 2.9\tex\latex\base\size12.clo"
File: size12.clo 2014/09/29 v1.4h Standard LaTeX file (size option)
)
\c@part=\count79
\c@section=\count80
\c@subsection=\count81
\c@subsubsection=\count82
\c@paragraph=\count83
\c@subparagraph=\count84
\c@figure=\count85
\c@table=\count86
\abovecaptionskip=\skip41
\belowcaptionskip=\skip42
\bibindent=\dimen102
)
("C:\Program Files\MiKTeX 2.9\tex\latex\graphics\graphicx.sty"
Package: graphicx 2014/10/28 v1.0g Enhanced LaTeX Graphics (DPC,SPQR)

("C:\Program Files\MiKTeX 2.9\tex\latex\graphics\keyval.sty"
Package: keyval 2014/10/28 v1.15 key=value parser (DPC)
\KV@toks@=\toks14
)
("C:\Program Files\MiKTeX 2.9\tex\latex\graphics\graphics.sty"
Package: graphics 2014/10/28 v1.0p Standard LaTeX Graphics (DPC,SPQR)

("C:\Program Files\MiKTeX 2.9\tex\latex\graphics\trig.sty"
Package: trig 1999/03/16 v1.09 sin cos tan (DPC)
)
("C:\Program Files\MiKTeX 2.9\tex\latex\00miktex\graphics.cfg"
File: graphics.cfg 2007/01/18 v1.5 graphics configuration of teTeX/TeXLive
)
Package graphics Info: Driver file: pdftex.def on input line 91.

("C:\Program Files\MiKTeX 2.9\tex\latex\pdftex-def\pdftex.def"
File: pdftex.def 2011/05/27 v0.06d Graphics/color for pdfTeX

("C:\Program Files\MiKTeX 2.9\tex\generic\oberdiek\infwarerr.sty"
Package: infwarerr 2010/04/08 v1.3 Providing info/warning/error messages (HO)
)
("C:\Program Files\MiKTeX 2.9\tex\generic\oberdiek\ltxcmds.sty"
Package: ltxcmds 2011/11/09 v1.22 LaTeX kernel commands for general use (HO)
)
\Gread@gobject=\count87
))
\Gin@req@height=\dimen103
\Gin@req@width=\dimen104
)
(B1_HPC_8queen.aux)
LaTeX Font Info:    Checking defaults for OML/cmm/m/it on input line 25.
LaTeX Font Info:    ... okay on input line 25.
LaTeX Font Info:    Checking defaults for T1/cmr/m/n on input line 25.
LaTeX Font Info:    ... okay on input line 25.
LaTeX Font Info:    Checking defaults for OT1/cmr/m/n on input line 25.
LaTeX Font Info:    ... okay on input line 25.
LaTeX Font Info:    Checking defaults for OMS/cmsy/m/n on input line 25.
LaTeX Font Info:    ... okay on input line 25.
LaTeX Font Info:    Checking defaults for OMX/cmex/m/n on input line 25.
LaTeX Font Info:    ... okay on input line 25.
LaTeX Font Info:    Checking defaults for U/cmr/m/n on input line 25.
LaTeX Font Info:    ... okay on input line 25.
 ("C:\Program Files\MiKTeX 2.9\tex\context\base\supp-pdf.mkii"
[Loading MPS to PDF converter (version 2006.09.02).]
\scratchcounter=\count88
\scratchdimen=\dimen105
\scratchbox=\box26
\nofMPsegments=\count89
\nofMParguments=\count90
\everyMPshowfont=\toks15
\MPscratchCnt=\count91
\MPscratchDim=\dimen106
\MPnumerator=\count92
\makeMPintoPDFobject=\count93
\everyMPtoPDFconversion=\toks16
)
LaTeX Font Info:    External font `cmex10' loaded for size
(Font)              <14.4> on input line 26.
LaTeX Font Info:    External font `cmex10' loaded for size
(Font)              <7> on input line 26.
Missing character: There is no ‚ in font cmr12!
Missing character: There is no Ä in font cmr12!
Missing character: There is no ô in font cmr12!
LaTeX Font Info:    Try loading font information for OMS+cmr on input line 65.
 ("C:\Program Files\MiKTeX 2.9\tex\latex\base\omscmr.fd"
File: omscmr.fd 2014/09/29 v2.5h Standard LaTeX font definitions
)
LaTeX Font Info:    Font shape `OMS/cmr/m/n' in size <12> not available
(Font)              Font shape `OMS/cmsy/m/n' tried instead on input line 65.
Missing character: There is no ‚ in font cmr12!
Missing character: There is no Ä in font cmr12!
Missing character: There is no ¢ in font cmr12!
 [1

{C:/ProgramData/MiKTeX/2.9/pdftex/config/pdftex.map}]
Missing character: There is no ‚ in font cmr12!
Missing character: There is no Ä in font cmr12!
Missing character: There is no ú in font cmr12!
Missing character: There is no ‚ in font cmr12!
Missing character: There is no Ä in font cmr12!
Missing character: There is no ù in font cmr12!
Missing character: There is no ‚ in font cmr12!
Missing character: There is no Ä in font cmr12!
Missing character: There is no ô in font cmr12!
Missing character: There is no ‚ in font cmr12!
Missing character: There is no Ä in font cmr12!
Missing character: There is no ô in font cmr12!
LaTeX Font Info:    External font `cmex10' loaded for size
(Font)              <12> on input line 98.
LaTeX Font Info:    External font `cmex10' loaded for size
(Font)              <8> on input line 98.
LaTeX Font Info:    External font `cmex10' loaded for size
(Font)              <6> on input line 98.

Underfull \hbox (badness 10000) in paragraph at lines 98--99

 []

[2] <features_bbb.png, id=14, 433.62pt x 319.4334pt>
File: features_bbb.png Graphic file (type png)
 <use features_bbb.png>
Package pdftex.def Info: features_bbb.png used on input line 122.
(pdftex.def)             Requested size: 390.0pt x 287.31192pt.

[3] [4 <./features_bbb.png>] <bbb_01.jpg, id=23, 470.2368pt x 123.8226pt>
File: bbb_01.jpg Graphic file (type jpg)

<use bbb_01.jpg>
Package pdftex.def Info: bbb_01.jpg used on input line 143.
(pdftex.def)             Requested size: 390.0pt x 102.69714pt.

Overfull \hbox (17.62482pt too wide) in paragraph at lines 143--144
[][] 
 []

<bbb_02.jpg, id=24, 469.2732pt x 90.0966pt>
File: bbb_02.jpg Graphic file (type jpg)
 <use bbb_02.jpg>
Package pdftex.def Info: bbb_02.jpg used on input line 153.
(pdftex.def)             Requested size: 390.0pt x 74.87914pt.

Overfull \hbox (17.62482pt too wide) in paragraph at lines 153--154
[][] 
 []


Underfull \hbox (badness 10000) in paragraph at lines 156--163

 []

Missing character: There is no ‚ in font cmr12!
Missing character: There is no Ä in font cmr12!
Missing character: There is no ì in font cmr12!

Underfull \hbox (badness 10000) in paragraph at lines 169--173

 []

[5 <./bbb_01.jpg> <./bbb_02.jpg>]
Underfull \hbox (badness 10000) in paragraph at lines 174--176

 []


Underfull \hbox (badness 10000) in paragraph at lines 178--188

 []


Underfull \hbox (badness 10000) in paragraph at lines 190--200

 []

[6] <pqr.png, id=31, 746.79pt x 302.12875pt>
File: pqr.png Graphic file (type png)
 <use pqr.png>
Package pdftex.def Info: pqr.png used on input line 203.
(pdftex.def)             Requested size: 373.39407pt x 151.064pt.

<quee.png, id=32, 414.04688pt x 277.035pt>
File: quee.png Graphic file (type png)
 <use quee.png>
Package pdftex.def Info: quee.png used on input line 208.
(pdftex.def)             Requested size: 414.04585pt x 277.03432pt.

Overfull \hbox (24.04585pt too wide) in paragraph at lines 208--209
 [][] 
 []


LaTeX Warning: `!h' float specifier changed to `!ht'.

<qu.png, id=33, 414.04688pt x 292.84406pt>
File: qu.png Graphic file (type png)
 <use qu.png>
Package pdftex.def Info: qu.png used on input line 213.
(pdftex.def)             Requested size: 414.04585pt x 292.84334pt.

Overfull \hbox (24.04585pt too wide) in paragraph at lines 213--214
 [][] 
 []


LaTeX Warning: `!h' float specifier changed to `!ht'.


Underfull \hbox (badness 10000) in paragraph at lines 216--221

 []

[7 <./pqr.png>] [8 <./quee.png>] [9 <./qu.png>] [10]
Underfull \hbox (badness 10000) in paragraph at lines 336--346

 []


Overfull \hbox (45.4834pt too wide) in paragraph at lines 353--357
 [] 
 []

[11] <8Queen_Plag.png, id=52, 450.18187pt x 454.69875pt>
File: 8Queen_Plag.png Graphic file (type png)
 <use 8Queen_Plag.png>
Package pdftex.def Info: 8Queen_Plag.png used on input line 363.
(pdftex.def)             Requested size: 450.18077pt x 454.69763pt.

Overfull \hbox (60.18077pt too wide) in paragraph at lines 363--364
 [][] 
 []

[12 <./8Queen_Plag.png>] (B1_HPC_8queen.aux) ) 
Here is how much of TeX's memory you used:
 1189 strings out of 493698
 15499 string characters out of 3144394
 82126 words of memory out of 3000000
 4546 multiletter control sequences out of 15000+200000
 9408 words of font info for 33 fonts, out of 3000000 for 9000
 1025 hyphenation exceptions out of 8191
 27i,6n,19p,1018b,211s stack positions out of 5000i,500n,10000p,200000b,50000s
<C:/Program Files/MiKTeX 2.9/font
s/type1/public/amsfonts/cm/cmbx12.pfb><C:/Program Files/MiKTeX 2.9/fonts/type1/
public/amsfonts/cm/cmcsc10.pfb><C:/Program Files/MiKTeX 2.9/fonts/type1/public/
amsfonts/cm/cmmi12.pfb><C:/Program Files/MiKTeX 2.9/fonts/type1/public/amsfonts
/cm/cmr12.pfb><C:/Program Files/MiKTeX 2.9/fonts/type1/public/amsfonts/cm/cmr17
.pfb><C:/Program Files/MiKTeX 2.9/fonts/type1/public/amsfonts/cm/cmsy10.pfb>
Output written on B1_HPC_8queen.pdf (12 pages, 1045055 bytes).
PDF statistics:
 77 PDF objects out of 1000 (max. 8388607)
 0 named destinations out of 1000 (max. 500000)
 36 words of extra memory for PDF output out of 10000 (max. 10000000)

