This is pdfTeX, Version 3.14159265-2.6-1.40.15 (MiKTeX 2.9 64-bit) (preloaded format=pdflatex 2016.3.28)  5 APR 2016 15:30
entering extended mode
**A5_HPC_ClusterBooths.tex
(A5_HPC_ClusterBooths.tex
LaTeX2e <2014/05/01>
Babel <3.9l> and hyphenation patterns for 68 languages loaded.
("C:\Program Files\MiKTeX 2.9\tex\latex\base\article.cls"
Document Class: article 2014/09/29 v1.4h Standard LaTeX document class
("C:\Program Files\MiKTeX 2.9\tex\latex\base\size12.clo"
File: size12.clo 2014/09/29 v1.4h Standard LaTeX file (size option)
)
\c@part=\count79
\c@section=\count80
\c@subsection=\count81
\c@subsubsection=\count82
\c@paragraph=\count83
\c@subparagraph=\count84
\c@figure=\count85
\c@table=\count86
\abovecaptionskip=\skip41
\belowcaptionskip=\skip42
\bibindent=\dimen102
)
("C:\Program Files\MiKTeX 2.9\tex\latex\graphics\graphicx.sty"
Package: graphicx 2014/10/28 v1.0g Enhanced LaTeX Graphics (DPC,SPQR)

("C:\Program Files\MiKTeX 2.9\tex\latex\graphics\keyval.sty"
Package: keyval 2014/10/28 v1.15 key=value parser (DPC)
\KV@toks@=\toks14
)
("C:\Program Files\MiKTeX 2.9\tex\latex\graphics\graphics.sty"
Package: graphics 2014/10/28 v1.0p Standard LaTeX Graphics (DPC,SPQR)

("C:\Program Files\MiKTeX 2.9\tex\latex\graphics\trig.sty"
Package: trig 1999/03/16 v1.09 sin cos tan (DPC)
)
("C:\Program Files\MiKTeX 2.9\tex\latex\00miktex\graphics.cfg"
File: graphics.cfg 2007/01/18 v1.5 graphics configuration of teTeX/TeXLive
)
Package graphics Info: Driver file: pdftex.def on input line 91.

("C:\Program Files\MiKTeX 2.9\tex\latex\pdftex-def\pdftex.def"
File: pdftex.def 2011/05/27 v0.06d Graphics/color for pdfTeX

("C:\Program Files\MiKTeX 2.9\tex\generic\oberdiek\infwarerr.sty"
Package: infwarerr 2010/04/08 v1.3 Providing info/warning/error messages (HO)
)
("C:\Program Files\MiKTeX 2.9\tex\generic\oberdiek\ltxcmds.sty"
Package: ltxcmds 2011/11/09 v1.22 LaTeX kernel commands for general use (HO)
)
\Gread@gobject=\count87
))
\Gin@req@height=\dimen103
\Gin@req@width=\dimen104
)
("C:\Program Files\MiKTeX 2.9\tex\latex\listings\listings.sty"
\lst@mode=\count88
\lst@gtempboxa=\box26
\lst@token=\toks15
\lst@length=\count89
\lst@currlwidth=\dimen105
\lst@column=\count90
\lst@pos=\count91
\lst@lostspace=\dimen106
\lst@width=\dimen107
\lst@newlines=\count92
\lst@lineno=\count93
\lst@maxwidth=\dimen108

("C:\Program Files\MiKTeX 2.9\tex\latex\listings\lstmisc.sty"
File: lstmisc.sty 2014/09/06 1.5e (Carsten Heinz)
\c@lstnumber=\count94
\lst@skipnumbers=\count95
\lst@framebox=\box27
)
("C:\Program Files\MiKTeX 2.9\tex\latex\listings\listings.cfg"
File: listings.cfg 2014/09/06 1.5e listings configuration
))
Package: listings 2014/09/06 1.5e (Carsten Heinz)

(A5_HPC_ClusterBooths.aux)
LaTeX Font Info:    Checking defaults for OML/cmm/m/it on input line 26.
LaTeX Font Info:    ... okay on input line 26.
LaTeX Font Info:    Checking defaults for T1/cmr/m/n on input line 26.
LaTeX Font Info:    ... okay on input line 26.
LaTeX Font Info:    Checking defaults for OT1/cmr/m/n on input line 26.
LaTeX Font Info:    ... okay on input line 26.
LaTeX Font Info:    Checking defaults for OMS/cmsy/m/n on input line 26.
LaTeX Font Info:    ... okay on input line 26.
LaTeX Font Info:    Checking defaults for OMX/cmex/m/n on input line 26.
LaTeX Font Info:    ... okay on input line 26.
LaTeX Font Info:    Checking defaults for U/cmr/m/n on input line 26.
LaTeX Font Info:    ... okay on input line 26.

("C:\Program Files\MiKTeX 2.9\tex\context\base\supp-pdf.mkii"
[Loading MPS to PDF converter (version 2006.09.02).]
\scratchcounter=\count96
\scratchdimen=\dimen109
\scratchbox=\box28
\nofMPsegments=\count97
\nofMParguments=\count98
\everyMPshowfont=\toks16
\MPscratchCnt=\count99
\MPscratchDim=\dimen110
\MPnumerator=\count100
\makeMPintoPDFobject=\count101
\everyMPtoPDFconversion=\toks17
)
\c@lstlisting=\count102
LaTeX Font Info:    External font `cmex10' loaded for size
(Font)              <14.4> on input line 27.
LaTeX Font Info:    External font `cmex10' loaded for size
(Font)              <7> on input line 27.
LaTeX Font Info:    Try loading font information for OMS+cmr on input line 65.
 ("C:\Program Files\MiKTeX 2.9\tex\latex\base\omscmr.fd"
File: omscmr.fd 2014/09/29 v2.5h Standard LaTeX font definitions
)
LaTeX Font Info:    Font shape `OMS/cmr/m/n' in size <12> not available
(Font)              Font shape `OMS/cmsy/m/n' tried instead on input line 65.

Underfull \hbox (badness 10000) in paragraph at lines 71--79

 []

[1

{C:/ProgramData/MiKTeX/2.9/pdftex/config/pdftex.map}]
Missing character: There is no â in font cmr12!
Missing character: There is no € in font cmr12!
Missing character: There is no “ in font cmr12!
 [2]
Missing character: There is no â in font cmr12!
Missing character: There is no € in font cmr12!
Missing character: There is no “ in font cmr12!
 [3]
Missing character: There is no Ã in font cmr12!
Missing character: There is no — in font cmr12!
Missing character: There is no â in font cmr12!
Missing character: There is no ˆ in font cmr12!
Missing character: There is no ’ in font cmr12!
Missing character: There is no â in font cmr12!
Missing character: There is no ˆ in font cmr12!
Missing character: There is no ’ in font cmr12!
LaTeX Font Info:    External font `cmex10' loaded for size
(Font)              <12> on input line 118.
LaTeX Font Info:    External font `cmex10' loaded for size
(Font)              <8> on input line 118.
LaTeX Font Info:    External font `cmex10' loaded for size
(Font)              <6> on input line 118.

Overfull \hbox (18.89929pt too wide) in paragraph at lines 127--128
[][][][][][][][][][][][][][][][][][][][][][][][][][] 
 []


Overfull \hbox (18.89929pt too wide) in paragraph at lines 129--130
[][][][][][][][][][][][][][][][][][][][][][][][][][] 
 []


Overfull \hbox (18.89929pt too wide) in paragraph at lines 131--132
[][][][][][][][][][][][][][][][][][][][][][][][][][] 
 []


Overfull \hbox (18.89929pt too wide) in paragraph at lines 135--136
[][][][][][][][][][][][][][][][][][][][][][][][][][] 
 []

Missing character: There is no â in font cmr12!
Missing character: There is no ˆ in font cmr12!
Missing character: There is no ’ in font cmr12!

Overfull \hbox (32.99927pt too wide) in paragraph at lines 140--141
[][][][][][][][][][][][][][][][][][] 
 []


Overfull \hbox (32.99927pt too wide) in paragraph at lines 141--142
[][][][][][][][][][][][][][][][][][][][] 
 []


Overfull \hbox (40.04926pt too wide) in paragraph at lines 142--143
[][][][][][][][][][][][][][][][][][][][][][][][] 
 []

Missing character: There is no â in font cmr12!
Missing character: There is no ˆ in font cmr12!
Missing character: There is no ’ in font cmr12!

Overfull \hbox (89.39917pt too wide) in paragraph at lines 143--144
[][][][][][][][][][][][][][][][][][][][][][][] 
 []


Overfull \hbox (47.09924pt too wide) in paragraph at lines 144--145
[][][][][][][][][][][][][][][][][][][][][][][][][][][][][][][][][][] 
 []


Overfull \hbox (40.04926pt too wide) in paragraph at lines 145--146
[][][][][][][][][][][][][][][][][] 
 []


Overfull \hbox (54.14923pt too wide) in paragraph at lines 146--147
[][][][][][][][][][][][][][][][][][][][][][][][][][] 
 []


Overfull \hbox (54.14923pt too wide) in paragraph at lines 147--148
[][][][][][][][][][][][][][][][][][][][][][][][][] 
 []

[4]
Overfull \hbox (18.89929pt too wide) in paragraph at lines 148--150
[][][][][][][][][][][][][][][][][][][][][][][][][][][][][] 
 []

Missing character: There is no â in font cmr12!
Missing character: There is no ˆ in font cmr12!
Missing character: There is no ’ in font cmr12!

Overfull \hbox (54.14923pt too wide) in paragraph at lines 151--152
[][][][][][][][][][][][][][][][][][][][][][] 
 []

Missing character: There is no â in font cmr12!
Missing character: There is no € in font cmr12!
Missing character: There is no ¢ in font cmr12!
Missing character: There is no â in font cmr12!
Missing character: There is no € in font cmr12!
Missing character: There is no ¢ in font cmr12!
Missing character: There is no â in font cmr12!
Missing character: There is no € in font cmr12!
Missing character: There is no ¢ in font cmr12!

Overfull \hbox (32.99927pt too wide) in paragraph at lines 159--160
[][][][][][][][][][][][][][][][][][][][][][][][][][][][] 
 []

Missing character: There is no â in font cmr12!
Missing character: There is no € in font cmr12!
Missing character: There is no ¢ in font cmr12!

Overfull \hbox (32.99927pt too wide) in paragraph at lines 161--162
[][][][][][][][][][][][][][][][][][][][][][][][][][][][] 
 []

Missing character: There is no â in font cmr12!
Missing character: There is no € in font cmr12!
Missing character: There is no ¢ in font cmr12!
Missing character: There is no â in font cmr12!
Missing character: There is no € in font cmr12!
Missing character: There is no ¢ in font cmr12!

Overfull \hbox (32.99927pt too wide) in paragraph at lines 164--165
[][][][][][][][][][][][][][][][][][][][][][][][][][][][] 
 []

Missing character: There is no â in font cmr12!
Missing character: There is no € in font cmr12!
Missing character: There is no ¢ in font cmr12!
Missing character: There is no â in font cmr12!
Missing character: There is no € in font cmr12!
Missing character: There is no ¢ in font cmr12!

Overfull \hbox (32.99927pt too wide) in paragraph at lines 167--168
[][][][][][][][][][][][][][][][][][][][][][][][][][][][] 
 []

Missing character: There is no â in font cmr12!
Missing character: There is no € in font cmr12!
Missing character: There is no ¢ in font cmr12!
Missing character: There is no â in font cmr12!
Missing character: There is no € in font cmr12!
Missing character: There is no ¢ in font cmr12!

Overfull \hbox (11.8493pt too wide) in paragraph at lines 169--170
[][][][][][][][][][][][][][][][][] 
 []

Missing character: There is no â in font cmr12!
Missing character: There is no ˆ in font cmr12!
Missing character: There is no ’ in font cmr12!
<booth_positive.png, id=19, 435.12563pt x 77.53969pt>
File: booth_positive.png Graphic file (type png)
 <use booth_positive.png>
Package pdftex.def Info: booth_positive.png used on input line 176.
(pdftex.def)             Requested size: 390.0pt x 69.50227pt.

<booth_negative.png, id=20, 435.12563pt x 107.65219pt>
File: booth_negative.png Graphic file (type png)

<use booth_negative.png>
Package pdftex.def Info: booth_negative.png used on input line 178.
(pdftex.def)             Requested size: 390.0pt x 96.49347pt.
 [5 <./booth_positive.png>]
Overfull \hbox (45.4834pt too wide) in paragraph at lines 184--188
 [] 
 []

<clusterbooths_plaga.png, id=24, 479.54156pt x 546.54187pt>
File: clusterbooths_plaga.png Graphic file (type png)

<use clusterbooths_plaga.png>
Package pdftex.def Info: clusterbooths_plaga.png used on input line 192.
(pdftex.def)             Requested size: 390.0pt x 444.49783pt.
 [6 <./booth_negative.png>] [7 <./clusterbooths_plaga.png>] (A5_HPC_ClusterBoot
hs.aux) ) 
Here is how much of TeX's memory you used:
 2356 strings out of 493698
 32933 string characters out of 3144394
 114831 words of memory out of 3000000
 5706 multiletter control sequences out of 15000+200000
 9408 words of font info for 33 fonts, out of 3000000 for 9000
 1025 hyphenation exceptions out of 8191
 27i,6n,32p,723b,1391s stack positions out of 5000i,500n,10000p,200000b,50000s
<C:/Program Files/MiKTeX 2.9/fonts/type1/public/amsfonts/cm/cmbx12.pfb
><C:/Program Files/MiKTeX 2.9/fonts/type1/public/amsfonts/cm/cmcsc10.pfb><C:/Pr
ogram Files/MiKTeX 2.9/fonts/type1/public/amsfonts/cm/cmr12.pfb><C:/Program Fil
es/MiKTeX 2.9/fonts/type1/public/amsfonts/cm/cmr17.pfb><C:/Program Files/MiKTeX
 2.9/fonts/type1/public/amsfonts/cm/cmsy10.pfb>
Output written on A5_HPC_ClusterBooths.pdf (7 pages, 120892 bytes).
PDF statistics:
 49 PDF objects out of 1000 (max. 8388607)
 0 named destinations out of 1000 (max. 500000)
 16 words of extra memory for PDF output out of 10000 (max. 10000000)

